<?xml version="1.0" encoding="UTF-8"?>
<testng-results ignored="0" total="2" passed="2" failed="0" skipped="0">
  <reporter-output>
  </reporter-output>
  <suite started-at="2023-03-29T17:22:00 ICT" name="Google" finished-at="2023-03-29T17:22:08 ICT" duration-ms="8581">
    <groups>
    </groups>
    <test started-at="2023-03-29T17:22:00 ICT" name="Run on chrome" finished-at="2023-03-29T17:22:07 ICT" duration-ms="7415">
      <class name="steps.TC01_Google">
        <test-method is-config="true" signature="beforeClass(java.lang.String,java.lang.String)[pri:0, instance:steps.TC01_Google@30f842ca]" started-at="2023-03-29T17:22:00 ICT" name="beforeClass" finished-at="2023-03-29T17:22:04 ICT" duration-ms="4161" status="PASS">
          <params>
            <param index="0">
              <value>
                <![CDATA[hchrome]]>
              </value>
            </param>
            <param index="1">
              <value>
                <![CDATA[https://www.google.com/]]>
              </value>
            </param>
          </params>
          <reporter-output>
          </reporter-output>
        </test-method> <!-- beforeClass -->
        <test-method signature="GotoGoogle()[pri:0, instance:steps.TC01_Google@30f842ca]" started-at="2023-03-29T17:22:04 ICT" name="GotoGoogle" finished-at="2023-03-29T17:22:07 ICT" duration-ms="3199" status="PASS">
          <reporter-output>
          </reporter-output>
        </test-method> <!-- GotoGoogle -->
        <test-method is-config="true" signature="TearDown()[pri:0, instance:steps.TC01_Google@30f842ca]" started-at="2023-03-29T17:22:07 ICT" name="TearDown" finished-at="2023-03-29T17:22:07 ICT" duration-ms="20" status="PASS">
          <reporter-output>
          </reporter-output>
        </test-method> <!-- TearDown -->
      </class> <!-- steps.TC01_Google -->
    </test> <!-- Run on chrome -->
    <test started-at="2023-03-29T17:22:00 ICT" name="Run on edge" finished-at="2023-03-29T17:22:08 ICT" duration-ms="8581">
      <class name="steps.TC01_Google">
        <test-method is-config="true" signature="beforeClass(java.lang.String,java.lang.String)[pri:0, instance:steps.TC01_Google@7d3e8655]" started-at="2023-03-29T17:22:00 ICT" name="beforeClass" finished-at="2023-03-29T17:22:05 ICT" duration-ms="5264" status="PASS">
          <params>
            <param index="0">
              <value>
                <![CDATA[hedge]]>
              </value>
            </param>
            <param index="1">
              <value>
                <![CDATA[https://www.google.com/]]>
              </value>
            </param>
          </params>
          <reporter-output>
          </reporter-output>
        </test-method> <!-- beforeClass -->
        <test-method signature="GotoGoogle()[pri:0, instance:steps.TC01_Google@7d3e8655]" started-at="2023-03-29T17:22:05 ICT" name="GotoGoogle" finished-at="2023-03-29T17:22:08 ICT" duration-ms="3273" status="PASS">
          <reporter-output>
          </reporter-output>
        </test-method> <!-- GotoGoogle -->
        <test-method is-config="true" signature="TearDown()[pri:0, instance:steps.TC01_Google@7d3e8655]" started-at="2023-03-29T17:22:08 ICT" name="TearDown" finished-at="2023-03-29T17:22:08 ICT" duration-ms="17" status="PASS">
          <reporter-output>
          </reporter-output>
        </test-method> <!-- TearDown -->
      </class> <!-- steps.TC01_Google -->
    </test> <!-- Run on edge -->
  </suite> <!-- Google -->
</testng-results>
